<?xml version="1.0" encoding="UTF-8"?>
<!-- Generated by org.testng.reporters.JUnitXMLReporter -->
<testsuite ignored="0" hostname="P0133522" failures="0" tests="3" name="Test" time="6.455" errors="0" timestamp="2022-09-01T09:51:55 IST">
  <testcase classname="com.restassured.DefaultValues" name="createBooking" time="2.882"/>
  <testcase classname="com.restassured.DefaultValues" name="createBooking2" time="1.476"/>
  <testcase classname="com.restassured.DefaultValues2" name="createBooking" time="1.324"/>
</testsuite> <!-- Test -->
